<?xml version="1.0" encoding="UTF-8"?>
<!-- Generated by org.testng.reporters.JUnitReportReporter -->
<testsuite skipped="0" hostname="LAPTOP-58FV83B1" name="googleSearch.SearchPage" tests="1" failures="0" timestamp="02 Oct 2023 12:41:58 GMT" time="39.462" errors="0">
  <testcase name="openApplicaiton" time="39.462" classname="googleSearch.SearchPage"/>
</testsuite> <!-- googleSearch.SearchPage -->
